Tecplot 15.1.0.56876 Batch Log
ACTION: PAGECONTROL: CREATE
ACTION: LOADADDON
ACTION: LOADADDON
ACTION: LOADADDON
ACTION: LOADADDON
ACTION: LOADADDON
ACTION: LOADADDON
ACTION: LOADADDON
ACTION: LOADADDON
ACTION: LOADADDON
ACTION: LOADADDON
ACTION: LOADADDON
ACTION: LOADADDON
ACTION: LOADADDON
ACTION: LOADADDON
ACTION: LOADADDON
ACTION: LOADADDON
ACTION: LOADADDON
ACTION: LOADADDON
ACTION: LOADADDON
ACTION: LOADADDON
ACTION: LOADADDON
ACTION: LOADADDON
ACTION: LOADADDON
ACTION: LOADADDON
ACTION: LOADADDON
ACTION: LOADADDON
ACTION: LOADADDON
ACTION: LOADADDON
ACTION: LOADADDON
ACTION: LOADADDON
ACTION: LOADADDON
ACTION: LOADADDON
ACTION: READDATASET: "tecplotfiles/out-tecplot-CC-0.2000.plt" "tecplotfiles/out-tecplot-F1-0.2000.plt" "tecplotfiles/out-tecplot-F2-0.2000.plt"
ACTION: WRITEDATASET: tecplotfiles/out-bin-tecplot-CC-0.2000.plt
